#
# An unexpected error has been detected by HotSpot Virtual Machine:
#
#  EXCEPTION_ACCESS_VIOLATION (0xc0000005) at pc=0x6d0ae2b5, pid=1884, tid=1420
#
# Java VM: Java HotSpot(TM) Client VM (1.5.0-b64 mixed mode)
# Problematic frame:
# C  [awt.dll+0xae2b5]
#

---------------  T H R E A D  ---------------

Current thread (0x037d90b8):  JavaThread "Java2D Disposer" daemon [_thread_in_native, id=1420]

siginfo: ExceptionCode=0xc0000005, reading address 0x00000004

Registers:
EAX=0x00000001, EBX=0x037d90b8, ECX=0x00000000, EDX=0x038fd804
ESP=0x0e59f94c, EBP=0x0e59f980, ESI=0x00000000, EDI=0x037d9174
EIP=0x6d0ae2b5, EFLAGS=0x00010246

Top of Stack: (sp=0x0e59f94c)
0x0e59f94c:   037d9174 03998938 6d0b2315 03998938
0x0e59f95c:   6d034539 037d9174 03998938 6d03451c
0x0e59f96c:   03998938 6d034f59 037d9174 03998938
0x0e59f97c:   00000000 0e59f9a8 046a9d14 037d9174
0x0e59f98c:   0e59f9a4 6d03451c 00000000 03998938
0x0e59f99c:   00000000 01b6ce70 0cb604a0 0e59f9c0
0x0e59f9ac:   047df990 03998938 00000000 6d03451c
0x0e59f9bc:   00000000 0e59f9e8 044a2923 0c249d00 

Instructions: (pc=0x6d0ae2b5)
0x6d0ae2a5:   8b cf ff 50 04 8b c6 5f 5e c2 04 00 56 8b f1 57
0x6d0ae2b5:   8b 46 04 8d 7e 04 8b cf ff 10 ff 4e 20 8b 46 20 


Stack: [0x0e520000,0x0e5a0000),  sp=0x0e59f94c,  free space=510k
Native frames: (J=compiled Java code, j=interpreted, Vv=VM code, C=native code)
C  [awt.dll+0xae2b5]
J  sun.java2d.DefaultDisposerRecord.invokeNativeDispose(JJ)V
J  sun.java2d.DefaultDisposerRecord.dispose()V
j  sun.java2d.Disposer.run()V+19
j  java.lang.Thread.run()V+11
v  ~StubRoutines::call_stub
V  [jvm.dll+0x8168d]
V  [jvm.dll+0xd4179]
V  [jvm.dll+0x8155e]
V  [jvm.dll+0x812bb]
V  [jvm.dll+0x9bbe9]
V  [jvm.dll+0xfe77f]
V  [jvm.dll+0xfe74d]
C  [msvcrt.dll+0x2a3b0]
C  [kernel32.dll+0xb50b]

Java frames: (J=compiled Java code, j=interpreted, Vv=VM code)
J  sun.java2d.DefaultDisposerRecord.invokeNativeDispose(JJ)V
J  sun.java2d.DefaultDisposerRecord.dispose()V
j  sun.java2d.Disposer.run()V+19
j  java.lang.Thread.run()V+11
v  ~StubRoutines::call_stub

---------------  P R O C E S S  ---------------

Java Threads: ( => current thread )
  0x03817688 JavaThread "Timer-5" [_thread_blocked, id=2380]
  0x03978cb8 JavaThread "Timer queue for AWT thread" daemon [_thread_blocked, id=2932]
  0x035c6c08 JavaThread "FigureTreeLockThread" [_thread_blocked, id=2520]
  0x039a5290 JavaThread "Text-Layout" [_thread_blocked, id=3892]
  0x0e905008 JavaThread "Prefs Updater" [_thread_blocked, id=296]
  0x0e8f7070 JavaThread "Timer-4" [_thread_blocked, id=3164]
  0x0e874ae0 JavaThread "Thread-7" [_thread_in_native, id=1216]
  0x039447b8 JavaThread "Timer-2" daemon [_thread_blocked, id=280]
  0x03882348 JavaThread "TimerQueue" daemon [_thread_blocked, id=1740]
  0x03857f50 JavaThread "AWT-EventQueue-0" [_thread_blocked, id=1572]
=>0x037d90b8 JavaThread "Java2D Disposer" daemon [_thread_in_native, id=1420]
  0x037cb278 JavaThread "Timer-0" [_thread_blocked, id=2736]
  0x037ba8b0 JavaThread "AWT-Windows" daemon [_thread_in_native, id=4016]
  0x0379fd10 JavaThread "AWT-Shutdown" [_thread_blocked, id=2068]
  0x021d5f90 JavaThread "Low Memory Detector" daemon [_thread_blocked, id=3392]
  0x021d4c08 JavaThread "CompilerThread0" daemon [_thread_blocked, id=3912]
  0x021d3f90 JavaThread "Signal Dispatcher" daemon [_thread_blocked, id=3044]
  0x021cb048 JavaThread "Finalizer" daemon [_thread_blocked, id=1356]
  0x021c9bb8 JavaThread "Reference Handler" daemon [_thread_blocked, id=2836]
  0x0026aca8 JavaThread "main" [_thread_in_native, id=260]

Other Threads:
  0x0217c980 VMThread [id=288]
  0x021d23c0 WatcherThread [id=2624]

VM state:not at safepoint (normal execution)

VM Mutex/Monitor currently owned by a thread: None

Heap
 def new generation   total 22144K, used 7658K [0x064a0000, 0x07ca0000, 0x07ca0000)
  eden space 19712K,  38% used [0x064a0000, 0x06c1a880, 0x077e0000)
  from space 2432K,   0% used [0x077e0000, 0x077e0000, 0x07a40000)
  to   space 2432K,   0% used [0x07a40000, 0x07a40000, 0x07ca0000)
 tenured generation   total 73728K, used 71337K [0x07ca0000, 0x0c4a0000, 0x0c4a0000)
   the space 73728K,  96% used [0x07ca0000, 0x0c24a600, 0x0c24a600, 0x0c4a0000)
 compacting perm gen  total 22528K, used 22291K [0x0c4a0000, 0x0daa0000, 0x0e4a0000)
   the space 22528K,  98% used [0x0c4a0000, 0x0da64e48, 0x0da65000, 0x0daa0000)
No shared spaces configured.

Dynamic libraries:
0x00400000 - 0x004d3000 	C:\Program Files\MATLAB71\bin\win32\MATLAB.exe
0x7c900000 - 0x7c9b0000 	C:\WINDOWS\system32\ntdll.dll
0x7c800000 - 0x7c8f4000 	C:\WINDOWS\system32\kernel32.dll
0x78550000 - 0x7855d000 	C:\Program Files\MATLAB71\bin\win32\libmat.dll
0x78500000 - 0x7853e000 	C:\Program Files\MATLAB71\bin\win32\libmx.dll
0x781f0000 - 0x78284000 	C:\Program Files\MATLAB71\bin\win32\icuuc32.dll
0x77dd0000 - 0x77e6b000 	C:\WINDOWS\system32\ADVAPI32.dll
0x77e70000 - 0x77f01000 	C:\WINDOWS\system32\RPCRT4.dll
0x10000000 - 0x10005000 	C:\Program Files\MATLAB71\bin\win32\icudt32.dll
0x7c340000 - 0x7c396000 	C:\Program Files\MATLAB71\bin\win32\MSVCR71.dll
0x00220000 - 0x00232000 	C:\Program Files\MATLAB71\bin\win32\libz.dll
0x78450000 - 0x784f3000 	C:\Program Files\MATLAB71\bin\win32\libut.dll
0x76c90000 - 0x76cb8000 	C:\WINDOWS\system32\imagehlp.dll
0x77c10000 - 0x77c68000 	C:\WINDOWS\system32\msvcrt.dll
0x78100000 - 0x781aa000 	C:\Program Files\MATLAB71\bin\win32\icuin32.dll
0x781b0000 - 0x781bb000 	C:\Program Files\MATLAB71\bin\win32\icuio32.dll
0x7c3a0000 - 0x7c41b000 	C:\Program Files\MATLAB71\bin\win32\MSVCP71.dll
0x77d40000 - 0x77dd0000 	C:\WINDOWS\system32\USER32.dll
0x77f10000 - 0x77f57000 	C:\WINDOWS\system32\GDI32.dll
0x774e0000 - 0x7761d000 	C:\WINDOWS\system32\ole32.dll
0x77120000 - 0x771ac000 	C:\WINDOWS\system32\OLEAUT32.dll
0x78d40000 - 0x78e46000 	C:\Program Files\MATLAB71\bin\win32\libmwservices.dll
0x763b0000 - 0x763f9000 	C:\WINDOWS\system32\comdlg32.dll
0x77f60000 - 0x77fd6000 	C:\WINDOWS\system32\SHLWAPI.dll
0x5d090000 - 0x5d127000 	C:\WINDOWS\system32\COMCTL32.dll
0x7c9c0000 - 0x7d1d5000 	C:\WINDOWS\system32\SHELL32.dll
0x78570000 - 0x7858a000 	C:\Program Files\MATLAB71\bin\win32\mpath.dll
0x5b860000 - 0x5b8b4000 	C:\WINDOWS\system32\NETAPI32.dll
0x71ab0000 - 0x71ac7000 	C:\WINDOWS\system32\WS2_32.dll
0x71aa0000 - 0x71aa8000 	C:\WINDOWS\system32\WS2HELP.dll
0x78540000 - 0x7854f000 	C:\Program Files\MATLAB71\bin\win32\libmex.dll
0x78560000 - 0x7856e000 	C:\Program Files\MATLAB71\bin\win32\mvalue.dll
0x786c0000 - 0x7872e000 	C:\Program Files\MATLAB71\bin\win32\m_dispatcher.dll
0x78290000 - 0x78430000 	C:\Program Files\MATLAB71\bin\win32\xerces-c_2_6.dll
0x78d20000 - 0x78d36000 	C:\Program Files\MATLAB71\bin\win32\datasvcs.dll
0x791c0000 - 0x791db000 	C:\Program Files\MATLAB71\bin\win32\mcr.dll
0x78730000 - 0x78a3a000 	C:\Program Files\MATLAB71\bin\win32\m_interpreter.dll
0x78590000 - 0x78628000 	C:\Program Files\MATLAB71\bin\win32\mcos.dll
0x78c90000 - 0x78d20000 	C:\Program Files\MATLAB71\bin\win32\mlib.dll
0x78a40000 - 0x78bd6000 	C:\Program Files\MATLAB71\bin\win32\m_parser.dll
0x78c80000 - 0x78c8d000 	C:\Program Files\MATLAB71\bin\win32\ir_xfmr.dll
0x78be0000 - 0x78c3b000 	C:\Program Files\MATLAB71\bin\win32\m_ir.dll
0x78c40000 - 0x78c54000 	C:\Program Files\MATLAB71\bin\win32\m_pcodegen.dll
0x78c60000 - 0x78c74000 	C:\Program Files\MATLAB71\bin\win32\m_pcodeio.dll
0x79990000 - 0x799e4000 	C:\Program Files\MATLAB71\bin\win32\udd_mi.dll
0x78630000 - 0x786b2000 	C:\Program Files\MATLAB71\bin\win32\udd.dll
0x799f0000 - 0x79a1b000 	C:\Program Files\MATLAB71\bin\win32\jmi.dll
0x79aa0000 - 0x79b3d000 	C:\Program Files\MATLAB71\bin\win32\bridge.dll
0x77c00000 - 0x77c08000 	C:\WINDOWS\system32\VERSION.dll
0x78f70000 - 0x79009000 	C:\Program Files\MATLAB71\bin\win32\libmwgui.dll
0x79980000 - 0x79990000 	C:\Program Files\MATLAB71\bin\win32\mwoles05.dll
0x79a20000 - 0x79a59000 	C:\Program Files\MATLAB71\bin\win32\comcli.dll
0x78eb0000 - 0x78f2b000 	C:\Program Files\MATLAB71\bin\win32\uiw.dll
0x78f30000 - 0x78f53000 	C:\Program Files\MATLAB71\bin\win32\libuij.dll
0x79190000 - 0x791bb000 	C:\Program Files\MATLAB71\bin\win32\libmwhardcopy.dll
0x78f60000 - 0x78f69000 	C:\Program Files\MATLAB71\bin\win32\uinone.dll
0x7c140000 - 0x7c243000 	C:\Program Files\MATLAB71\bin\win32\MFC71.DLL
0x73000000 - 0x73026000 	C:\WINDOWS\system32\WINSPOOL.DRV
0x7c120000 - 0x7c139000 	C:\Program Files\MATLAB71\bin\win32\ATL71.DLL
0x79a60000 - 0x79a69000 	C:\Program Files\MATLAB71\bin\win32\mlautoregister.dll
0x79010000 - 0x79162000 	C:\Program Files\MATLAB71\bin\win32\hg.dll
0x791e0000 - 0x7934d000 	C:\Program Files\MATLAB71\bin\win32\numerics.dll
0x79910000 - 0x79917000 	C:\Program Files\MATLAB71\bin\win32\libmwamd.dll
0x793a0000 - 0x79426000 	C:\Program Files\MATLAB71\bin\win32\libfftw3.dll
0x79430000 - 0x794b1000 	C:\Program Files\MATLAB71\bin\win32\libfftw3f.dll
0x79350000 - 0x79373000 	C:\Program Files\MATLAB71\bin\win32\libmwlapack.dll
0x79920000 - 0x79975000 	C:\Program Files\MATLAB71\bin\win32\libmwumfpackv4.3.dll
0x773d0000 - 0x774d2000 	C:\WINDOWS\WinSxS\x86_Microsoft.Windows.Common-Controls_6595b64144ccf1df_6.0.2600.2180_x-ww_a84f1ff9\comctl32.dll
0x7c300000 - 0x7c30e000 	C:\Program Files\MATLAB71\bin\win32\MFC71ENU.DLL
0x79380000 - 0x79398000 	C:\Program Files\MATLAB71\bin\win32\mkl.dll
0x794c0000 - 0x79907000 	C:\Program Files\MATLAB71\bin\win32\lapack.dll
0x01de0000 - 0x01e5e000 	C:\Program Files\MATLAB71\bin\win32\DFORMD.DLL
0x74290000 - 0x74294000 	C:\WINDOWS\system32\icmp.Dll
0x76d60000 - 0x76d79000 	C:\WINDOWS\system32\iphlpapi.dll
0x71a50000 - 0x71a8f000 	C:\WINDOWS\System32\mswsock.dll
0x76f20000 - 0x76f47000 	C:\WINDOWS\system32\DNSAPI.dll
0x76fb0000 - 0x76fb8000 	C:\WINDOWS\System32\winrnr.dll
0x76f60000 - 0x76f8c000 	C:\WINDOWS\system32\WLDAP32.dll
0x77fe0000 - 0x77ff1000 	C:\WINDOWS\system32\Secur32.dll
0x5ad70000 - 0x5ada8000 	C:\WINDOWS\system32\uxtheme.dll
0x662b0000 - 0x66308000 	C:\WINDOWS\system32\hnetcfg.dll
0x71a90000 - 0x71a98000 	C:\WINDOWS\System32\wshtcpip.dll
0x76fc0000 - 0x76fc6000 	C:\WINDOWS\system32\rasadhlp.dll
0x74720000 - 0x7476b000 	C:\WINDOWS\system32\MSCTF.dll
0x6d640000 - 0x6d7c5000 	C:\Program Files\MATLAB71\sys\java\jre\win32\jre1.5.0\bin\client\jvm.dll
0x76b40000 - 0x76b6d000 	C:\WINDOWS\system32\WINMM.dll
0x6d280000 - 0x6d288000 	C:\Program Files\MATLAB71\sys\java\jre\win32\jre1.5.0\bin\hpi.dll
0x76bf0000 - 0x76bfb000 	C:\WINDOWS\system32\PSAPI.DLL
0x6d610000 - 0x6d61c000 	C:\Program Files\MATLAB71\sys\java\jre\win32\jre1.5.0\bin\verify.dll
0x6d300000 - 0x6d31d000 	C:\Program Files\MATLAB71\sys\java\jre\win32\jre1.5.0\bin\java.dll
0x6d630000 - 0x6d63f000 	C:\Program Files\MATLAB71\sys\java\jre\win32\jre1.5.0\bin\zip.dll
0x79b40000 - 0x79b51000 	C:\Program Files\MATLAB71\bin\win32\jmi_mi.dll
0x6d000000 - 0x6d166000 	C:\Program Files\MATLAB71\sys\java\jre\win32\jre1.5.0\bin\awt.dll
0x76390000 - 0x763ad000 	C:\WINDOWS\system32\IMM32.dll
0x7a790000 - 0x7a79d000 	C:\Program Files\MATLAB71\bin\win32\nativejava.dll
0x6d240000 - 0x6d27d000 	C:\Program Files\MATLAB71\sys\java\jre\win32\jre1.5.0\bin\fontmanager.dll
0x6d4c0000 - 0x6d4d3000 	C:\Program Files\MATLAB71\sys\java\jre\win32\jre1.5.0\bin\net.dll
0x6d4e0000 - 0x6d4e9000 	C:\Program Files\MATLAB71\sys\java\jre\win32\jre1.5.0\bin\nio.dll
0x0e7a0000 - 0x0e7a5000 	C:\Program Files\MATLAB71\bin\win32\nativeservices.dll
0x7a7a0000 - 0x7a7ac000 	C:\Program Files\MATLAB71\bin\win32\nativelex.dll
0x605d0000 - 0x605d9000 	C:\WINDOWS\system32\mslbui.dll
0x767f0000 - 0x76823000 	C:\WINDOWS\System32\spool\DRIVERS\W32X86\3\UNIDRVUI.DLL
0x77920000 - 0x77a13000 	C:\WINDOWS\system32\SETUPAPI.dll
0x77b40000 - 0x77b62000 	C:\WINDOWS\system32\appHelp.dll
0x76fd0000 - 0x7704f000 	C:\WINDOWS\system32\CLBCATQ.DLL
0x77050000 - 0x77115000 	C:\WINDOWS\system32\COMRes.dll
0x78e50000 - 0x78ea4000 	C:\Program Files\MATLAB71\bin\win32\libmwbuiltins.dll
0x76990000 - 0x769b5000 	C:\WINDOWS\system32\ntshrui.dll
0x76b20000 - 0x76b31000 	C:\WINDOWS\system32\ATL.DLL
0x769c0000 - 0x76a73000 	C:\WINDOWS\system32\USERENV.dll
0x7a7b0000 - 0x7a7c9000 	C:\Program Files\MATLAB71\bin\win32\nativehg.dll
0x6d360000 - 0x6d366000 	C:\Program Files\MATLAB71\sys\java\jre\win32\jre1.5.0\bin\jawt.dll
0x024e0000 - 0x024e8000 	C:\Program Files\MATLAB71\toolbox\matlab\graph2d\private\lineseriesmex.mexw32
0x20000000 - 0x202c5000 	C:\WINDOWS\system32\xpsp2res.dll
0x79170000 - 0x79190000 	C:\Program Files\MATLAB71\bin\win32\glren.dll
0x5ed00000 - 0x5edcc000 	C:\WINDOWS\system32\OPENGL32.dll
0x68b20000 - 0x68b40000 	C:\WINDOWS\system32\GLU32.dll
0x73760000 - 0x737a9000 	C:\WINDOWS\system32\DDRAW.dll
0x73bc0000 - 0x73bc6000 	C:\WINDOWS\system32\DCIMAN32.dll
0x10810000 - 0x10a43000 	C:\WINDOWS\system32\ialmgicd.dll
0x0e690000 - 0x0e70f000 	C:\WINDOWS\system32\ialmgdev.dll
0x71b20000 - 0x71b32000 	C:\WINDOWS\system32\MPR.dll
0x75f60000 - 0x75f67000 	C:\WINDOWS\System32\drprov.dll
0x71c10000 - 0x71c1e000 	C:\WINDOWS\System32\ntlanman.dll
0x71cd0000 - 0x71ce7000 	C:\WINDOWS\System32\NETUI0.dll
0x71c90000 - 0x71cd0000 	C:\WINDOWS\System32\NETUI1.dll
0x71c80000 - 0x71c87000 	C:\WINDOWS\System32\NETRAP.dll
0x71bf0000 - 0x71c03000 	C:\WINDOWS\System32\SAMLIB.dll

VM Arguments:
jvm_args: -Xss512k -Xms64m -Xmx96m -XX:NewRatio=3 -XX:MaxPermSize=32M -Dsun.java2d.noddraw=true -Dsun.awt.nopixfmt=true -Xshare:off -Djava.library.path=C:\Program Files\MATLAB71\bin\win32 vfprintf abort
java_command: <unknown>

Environment Variables:
CLASSPATH=C:\Program Files\Java\j2re1.4.2_03\lib\ext\QTJava.zip
PATH=C:\texmf\miktex\bin;C:\WINDOWS\system32;C:\WINDOWS;C:\WINDOWS\system32\wbem;c:\program files\quicktime\qtsystem\;C:\Program Files\MATLAB71\bin\win32;
USERNAME=weihberger
OS=Windows_NT
PROCESSOR_IDENTIFIER=x86 Family 15 Model 4 Stepping 4, GenuineIntel


---------------  S Y S T E M  ---------------

OS: Windows XP Build 2600 Service Pack 2

CPU:total 2 family 15, cmov, cx8, fxsr, mmx, sse, sse2, ht

Memory: 4k page, physical 2086980k(1488912k free), swap 4025316k(3627332k free)

vm_info: Java HotSpot(TM) Client VM (1.5.0-b64) for windows-x86, built on Sep 15 2004 03:00:31 by "java_re" with MS VC++ 6.0

